<?xml version="1.0" encoding="UTF-8"?>
<!DOCTYPE suite SYSTEM "http://testng.org/testng-1.0.dtd">
<suite name="negative_tests">
    <test name="verifyInvalidData">
        <classes>
            <class name="pageTests.HardCodedTest">
                <methods>
                    <include name="verifyUserIsLoggedInIncorrectPass" />
                </methods>
            </class>
        </classes>
    </test>
</suite>