<?xml version="1.0" encoding="UTF-8"?>
<!DOCTYPE suite SYSTEM "http://testng.org/testng-1.0.dtd">
<suite name="positive_tests">
    <test name="verifyValidData">
        <classes>
            <class name="pageTests.HardCodedTest">
                <methods>
                    <include name="verifyUserIsSuccessfullyLoggedIn" />
                </methods>
            </class>
        </classes>
    </test>
</suite>